*** Using Compiler 'V5.06 update 5 (build 528)', folder: 'D:\32 51\51\ARM\ARMCC\Bin'
Build target '01_freertos_template'
compiling freertos.c...
../Core/Src/freertos.c(160): warning:  #167-D: argument of type "void (*)(void)" is incompatible with parameter of type "TaskFunction_t"
     xLightTaskHandle = xTaskCreateStatic(Led_Test, "LightTask",80, 
ULL, osPriorityNormal, g_pucStackOfLightTask, &g_TCBofLightTask);
../Core/Src/freertos.c(163): warning:  #167-D: argument of type "void (*)(void)" is incompatible with parameter of type "TaskFunction_t"
     xColorTaskHandle = xTaskCreateStatic(ColorLED_Test, "ColorTask", 128, 
ULL, osPriorityNormal, g_pucStackOfColorTask, &g_TCBofColorTask);
../Core/Src/freertos.c(203): warning:  #128-D: loop is not reachable
    while (1)
../Core/Src/freertos.c(188): warning:  #550-D: variable "ret"  was set but never used
    BaseType_t ret;
../Core/Src/freertos.c(74): warning:  #550-D: variable "xLightTaskHandle"  was set but never used
  static TaskHandle_t xLightTaskHandle;
../Core/Src/freertos.c(78): warning:  #550-D: variable "xColorTaskHandle"  was set but never used
  static TaskHandle_t xColorTaskHandle;
../Core/Src/freertos.c: 6 warnings, 0 errors
linking...
Program Size: Code=29208 RO-data=2960 RW-data=352 ZI-data=13192  
FromELF: creating hex file...
"01_freertos_template\01_freertos_template.axf" - 0 Error(s), 6 Warning(s).
Build Time Elapsed:  00:00:03
